<?xml version="1.0" encoding="UTF-8"?>
<testng-results skipped="0" failed="0" ignored="0" total="1" passed="1">
  <reporter-output>
    <line>
      <![CDATA[HomePageIsDisplayed]]>
    </line>
    <line>
      <![CDATA[TesttestValidLogin is passed]]>
    </line>
  </reporter-output>
  <suite name="Default suite" duration-ms="30180" started-at="2019-06-09T08:11:44Z" finished-at="2019-06-09T08:12:15Z">
    <groups>
    </groups>
    <test name="Default test" duration-ms="30180" started-at="2019-06-09T08:11:44Z" finished-at="2019-06-09T08:12:15Z">
      <class name="script.TestValidLogin">
        <test-method status="PASS" signature="openApp()[pri:0, instance:script.TestValidLogin@42d80b78]" name="openApp" is-config="true" duration-ms="20910" started-at="2019-06-09T08:11:44Z" finished-at="2019-06-09T08:12:05Z">
          <reporter-output>
          </reporter-output>
        </test-method> <!-- openApp -->
        <test-method status="PASS" signature="testValidLogin()[pri:0, instance:script.TestValidLogin@42d80b78]" name="testValidLogin" duration-ms="7023" started-at="2019-06-09T08:12:05Z" finished-at="2019-06-09T08:12:12Z">
          <reporter-output>
            <line>
              <![CDATA[HomePageIsDisplayed]]>
            </line>
          </reporter-output>
        </test-method> <!-- testValidLogin -->
        <test-method status="PASS" signature="closeApp(org.testng.ITestResult)[pri:0, instance:script.TestValidLogin@42d80b78]" name="closeApp" is-config="true" duration-ms="2221" started-at="2019-06-09T08:12:12Z" finished-at="2019-06-09T08:12:15Z">
          <params>
            <param index="0">
              <value>
                <![CDATA[[TestResult name=testValidLogin status=SUCCESS method=TestValidLogin.testValidLogin()[pri:0, instance:script.TestValidLogin@42d80b78] output=HomePageIsDisplayed]]]>
              </value>
            </param>
          </params>
          <reporter-output>
            <line>
              <![CDATA[TesttestValidLogin is passed]]>
            </line>
          </reporter-output>
        </test-method> <!-- closeApp -->
      </class> <!-- script.TestValidLogin -->
    </test> <!-- Default test -->
  </suite> <!-- Default suite -->
</testng-results>
